Base path: '/Applications/Unity/Hub/Editor/2019.4.12f1/Unity.app/Contents', plugins path '/Applications/Unity/Hub/Editor/2019.4.12f1/Unity.app/Contents/PlaybackEngines'
Cmd: initializeCompiler
Cmd: compileSnippet
  api=14 type=0 insize=39659 outsize=6609 kw=UNITY_PASS_FORWARDBASE INSTANCING_ON _DISABLE_ALBEDO_MAP _DIRECTIONAL_LIGHT _SPECULAR_HIGHLIGHTS _HOVER_LIGHT _BORDER_LIGHT _BORDER_LIGHT_USES_HOVER_COLOR pd=UNITY_NO_DXT5nm UNITY_ENABLE_REFLECTION_BUFFERS UNITY_NO_CUBEMAP_ARRAY UNITY_NO_SCREENSPACE_SHADOWS UNITY_PBS_USE_BRDF2 SHADER_API_DESKTOP UNITY_HARDWARE_TIER3 UNITY_COLORSPACE_GAMMA UNITY_LIGHTMAP_DLDR_ENCODING ok=1
Cmd: compileSnippet
  api=14 type=1 insize=39659 outsize=4297 kw=UNITY_PASS_FORWARDBASE INSTANCING_ON _ALPHABLEND_ON _SMOOTHNESS_TEXTURE_ALBEDO_CHANNEL_A _DIRECTIONAL_LIGHT _SPECULAR_HIGHLIGHTS pd=UNITY_NO_DXT5nm UNITY_ENABLE_REFLECTION_BUFFERS UNITY_NO_CUBEMAP_ARRAY UNITY_NO_SCREENSPACE_SHADOWS UNITY_PBS_USE_BRDF2 SHADER_API_DESKTOP UNITY_HARDWARE_TIER3 UNITY_COLORSPACE_GAMMA UNITY_LIGHTMAP_DLDR_ENCODING ok=1
Cmd: compileSnippet
  api=14 type=0 insize=39659 outsize=6609 kw=UNITY_PASS_FORWARDBASE _EMISSION INSTANCING_ON _DISABLE_ALBEDO_MAP _DIRECTIONAL_LIGHT _SPECULAR_HIGHLIGHTS _REFLECTIONS _HOVER_LIGHT _BORDER_LIGHT _BORDER_LIGHT_USES_HOVER_COLOR pd=UNITY_NO_DXT5nm UNITY_ENABLE_REFLECTION_BUFFERS UNITY_NO_CUBEMAP_ARRAY UNITY_NO_SCREENSPACE_SHADOWS UNITY_PBS_USE_BRDF2 SHADER_API_DESKTOP UNITY_HARDWARE_TIER3 UNITY_COLORSPACE_GAMMA UNITY_LIGHTMAP_DLDR_ENCODING ok=1
Cmd: compileSnippet
  api=14 type=1 insize=39659 outsize=6275 kw=UNITY_PASS_FORWARDBASE _ALPHABLEND_ON _DIRECTIONAL_LIGHT _SPECULAR_HIGHLIGHTS _REFLECTIONS _HOVER_LIGHT _BORDER_LIGHT_USES_HOVER_COLOR pd=UNITY_NO_DXT5nm UNITY_ENABLE_REFLECTION_BUFFERS UNITY_NO_CUBEMAP_ARRAY UNITY_NO_SCREENSPACE_SHADOWS UNITY_PBS_USE_BRDF2 SHADER_API_DESKTOP UNITY_HARDWARE_TIER3 UNITY_COLORSPACE_GAMMA UNITY_LIGHTMAP_DLDR_ENCODING ok=1
Cmd: compileSnippet
  api=14 type=0 insize=1460 outsize=4132 kw=UNITY_PASS_FORWARDADD SPOT SHADOWS_DEPTH SHADOWS_SOFT _SPECULARHIGHLIGHTS_OFF pd=UNITY_NO_DXT5nm UNITY_ENABLE_REFLECTION_BUFFERS UNITY_NO_CUBEMAP_ARRAY UNITY_NO_SCREENSPACE_SHADOWS UNITY_PBS_USE_BRDF2 SHADER_API_DESKTOP UNITY_HARDWARE_TIER3 UNITY_COLORSPACE_GAMMA UNITY_LIGHTMAP_DLDR_ENCODING ok=1
Cmd: compileSnippet
  api=14 type=1 insize=39659 outsize=8527 kw=UNITY_PASS_FORWARDBASE _METALLIC_TEXTURE_ALBEDO_CHANNEL_A _CHANNEL_MAP _SPECULAR_HIGHLIGHTS _HOVER_LIGHT _PROXIMITY_LIGHT _PROXIMITY_LIGHT_COLOR_OVERRIDE _PROXIMITY_LIGHT_SUBTRACTIVE _PROXIMITY_LIGHT_TWO_SIDED pd=UNITY_NO_DXT5nm UNITY_ENABLE_REFLECTION_BUFFERS UNITY_NO_CUBEMAP_ARRAY UNITY_NO_SCREENSPACE_SHADOWS UNITY_PBS_USE_BRDF2 SHADER_API_DESKTOP UNITY_HARDWARE_TIER3 UNITY_COLORSPACE_GAMMA UNITY_LIGHTMAP_DLDR_ENCODING ok=1
Cmd: compileSnippet
  api=14 type=1 insize=39659 outsize=9513 kw=UNITY_PASS_FORWARDBASE _METALLIC_TEXTURE_ALBEDO_CHANNEL_A _TRIPLANAR_MAPPING _SPECULAR_HIGHLIGHTS _HOVER_LIGHT _PROXIMITY_LIGHT _PROXIMITY_LIGHT_COLOR_OVERRIDE _PROXIMITY_LIGHT_SUBTRACTIVE _PROXIMITY_LIGHT_TWO_SIDED pd=UNITY_NO_DXT5nm UNITY_ENABLE_REFLECTION_BUFFERS UNITY_NO_CUBEMAP_ARRAY UNITY_NO_SCREENSPACE_SHADOWS UNITY_PBS_USE_BRDF2 SHADER_API_DESKTOP UNITY_HARDWARE_TIER3 UNITY_COLORSPACE_GAMMA UNITY_LIGHTMAP_DLDR_ENCODING ok=1
Cmd: compileSnippet
  api=14 type=0 insize=39659 outsize=3704 kw=UNITY_PASS_FORWARDBASE INSTANCING_ON _SPECULAR_HIGHLIGHTS _HOVER_LIGHT _PROXIMITY_LIGHT _PROXIMITY_LIGHT_COLOR_OVERRIDE _PROXIMITY_LIGHT_SUBTRACTIVE _PROXIMITY_LIGHT_TWO_SIDED pd=UNITY_NO_DXT5nm UNITY_ENABLE_REFLECTION_BUFFERS UNITY_NO_CUBEMAP_ARRAY UNITY_NO_SCREENSPACE_SHADOWS UNITY_PBS_USE_BRDF2 SHADER_API_DESKTOP UNITY_HARDWARE_TIER3 UNITY_COLORSPACE_GAMMA UNITY_LIGHTMAP_DLDR_ENCODING ok=1
Cmd: compileSnippet
  api=14 type=0 insize=39659 outsize=5103 kw=UNITY_PASS_FORWARDBASE INSTANCING_ON _TRIPLANAR_MAPPING _LOCAL_SPACE_TRIPLANAR_MAPPING _DIRECTIONAL_LIGHT _SPECULAR_HIGHLIGHTS _SPHERICAL_HARMONICS _HOVER_LIGHT _PROXIMITY_LIGHT _PROXIMITY_LIGHT_COLOR_OVERRIDE _PROXIMITY_LIGHT_SUBTRACTIVE _PROXIMITY_LIGHT_TWO_SIDED pd=UNITY_NO_DXT5nm UNITY_ENABLE_REFLECTION_BUFFERS UNITY_NO_CUBEMAP_ARRAY UNITY_NO_SCREENSPACE_SHADOWS UNITY_PBS_USE_BRDF2 SHADER_API_DESKTOP UNITY_HARDWARE_TIER3 UNITY_COLORSPACE_GAMMA UNITY_LIGHTMAP_DLDR_ENCODING ok=1
Cmd: compileSnippet
  api=14 type=1 insize=39659 outsize=12272 kw=UNITY_PASS_FORWARDBASE _EMISSION INSTANCING_ON _TRIPLANAR_MAPPING _LOCAL_SPACE_TRIPLANAR_MAPPING _DIRECTIONAL_LIGHT _SPECULAR_HIGHLIGHTS _SPHERICAL_HARMONICS _HOVER_LIGHT _PROXIMITY_LIGHT _PROXIMITY_LIGHT_COLOR_OVERRIDE _PROXIMITY_LIGHT_SUBTRACTIVE _PROXIMITY_LIGHT_TWO_SIDED pd=UNITY_NO_DXT5nm UNITY_ENABLE_REFLECTION_BUFFERS UNITY_NO_CUBEMAP_ARRAY UNITY_NO_SCREENSPACE_SHADOWS UNITY_PBS_USE_BRDF2 SHADER_API_DESKTOP UNITY_HARDWARE_TIER3 UNITY_COLORSPACE_GAMMA UNITY_LIGHTMAP_DLDR_ENCODING ok=1
Cmd: compileSnippet
  api=14 type=0 insize=39659 outsize=5103 kw=UNITY_PASS_FORWARDBASE _EMISSION INSTANCING_ON _CHANNEL_MAP _TRIPLANAR_MAPPING _LOCAL_SPACE_TRIPLANAR_MAPPING _DIRECTIONAL_LIGHT _SPECULAR_HIGHLIGHTS _SPHERICAL_HARMONICS _HOVER_LIGHT _PROXIMITY_LIGHT _PROXIMITY_LIGHT_COLOR_OVERRIDE _PROXIMITY_LIGHT_SUBTRACTIVE _PROXIMITY_LIGHT_TWO_SIDED pd=UNITY_NO_DXT5nm UNITY_ENABLE_REFLECTION_BUFFERS UNITY_NO_CUBEMAP_ARRAY UNITY_NO_SCREENSPACE_SHADOWS UNITY_PBS_USE_BRDF2 SHADER_API_DESKTOP UNITY_HARDWARE_TIER3 UNITY_COLORSPACE_GAMMA UNITY_LIGHTMAP_DLDR_ENCODING ok=1
Cmd: compileSnippet
  api=14 type=1 insize=39659 outsize=11769 kw=UNITY_PASS_FORWARDBASE _EMISSION INSTANCING_ON _NORMAL_MAP _LOCAL_SPACE_TRIPLANAR_MAPPING _DIRECTIONAL_LIGHT _SPECULAR_HIGHLIGHTS _SPHERICAL_HARMONICS _HOVER_LIGHT _PROXIMITY_LIGHT _PROXIMITY_LIGHT_COLOR_OVERRIDE _PROXIMITY_LIGHT_SUBTRACTIVE _PROXIMITY_LIGHT_TWO_SIDED pd=UNITY_NO_DXT5nm UNITY_ENABLE_REFLECTION_BUFFERS UNITY_NO_CUBEMAP_ARRAY UNITY_NO_SCREENSPACE_SHADOWS UNITY_PBS_USE_BRDF2 SHADER_API_DESKTOP UNITY_HARDWARE_TIER3 UNITY_COLORSPACE_GAMMA UNITY_LIGHTMAP_DLDR_ENCODING ok=1
Cmd: compileSnippet
  api=14 type=0 insize=39659 outsize=5140 kw=UNITY_PASS_FORWARDBASE _EMISSION INSTANCING_ON _ALPHATEST_ON _NORMAL_MAP _TRIPLANAR_MAPPING _DIRECTIONAL_LIGHT _SPECULAR_HIGHLIGHTS _SPHERICAL_HARMONICS _HOVER_LIGHT _PROXIMITY_LIGHT _PROXIMITY_LIGHT_COLOR_OVERRIDE _PROXIMITY_LIGHT_SUBTRACTIVE _PROXIMITY_LIGHT_TWO_SIDED pd=UNITY_NO_DXT5nm UNITY_ENABLE_REFLECTION_BUFFERS UNITY_NO_CUBEMAP_ARRAY UNITY_NO_SCREENSPACE_SHADOWS UNITY_PBS_USE_BRDF2 SHADER_API_DESKTOP UNITY_HARDWARE_TIER3 UNITY_COLORSPACE_GAMMA UNITY_LIGHTMAP_DLDR_ENCODING ok=1
Cmd: compileSnippet
  api=14 type=1 insize=39659 outsize=10845 kw=UNITY_PASS_FORWARDBASE _EMISSION INSTANCING_ON _NORMAL_MAP _TRIPLANAR_MAPPING _SPECULAR_HIGHLIGHTS _SPHERICAL_HARMONICS _HOVER_LIGHT _PROXIMITY_LIGHT _PROXIMITY_LIGHT_COLOR_OVERRIDE _PROXIMITY_LIGHT_SUBTRACTIVE _PROXIMITY_LIGHT_TWO_SIDED pd=UNITY_NO_DXT5nm UNITY_ENABLE_REFLECTION_BUFFERS UNITY_NO_CUBEMAP_ARRAY UNITY_NO_SCREENSPACE_SHADOWS UNITY_PBS_USE_BRDF2 SHADER_API_DESKTOP UNITY_HARDWARE_TIER3 UNITY_COLORSPACE_GAMMA UNITY_LIGHTMAP_DLDR_ENCODING ok=1
Cmd: compileSnippet
  api=14 type=1 insize=5169 outsize=1538 kw=UNITY_UI_CLIP_RECT pd=UNITY_NO_DXT5nm UNITY_ENABLE_REFLECTION_BUFFERS UNITY_NO_CUBEMAP_ARRAY UNITY_NO_SCREENSPACE_SHADOWS UNITY_PBS_USE_BRDF2 SHADER_API_DESKTOP UNITY_HARDWARE_TIER3 UNITY_COLORSPACE_GAMMA UNITY_LIGHTMAP_DLDR_ENCODING ok=1
Cmd: compileSnippet
  api=14 type=1 insize=1602 outsize=3941 kw=UNITY_PASS_FORWARDBASE DIRECTIONAL LIGHTMAP_ON _ALPHABLEND_ON _SPECULARHIGHLIGHTS_OFF _GLOSSYREFLECTIONS_OFF pd=UNITY_NO_DXT5nm UNITY_ENABLE_REFLECTION_BUFFERS UNITY_NO_CUBEMAP_ARRAY UNITY_NO_SCREENSPACE_SHADOWS UNITY_PBS_USE_BRDF2 SHADER_API_DESKTOP UNITY_HARDWARE_TIER3 UNITY_COLORSPACE_GAMMA UNITY_LIGHTMAP_DLDR_ENCODING ok=1
